<?xml version="1.0" encoding="UTF-8"?>
<testsuites>
  <testsuite name="TestResults" errors="0" tests="83" failures="0" skipped="0" time="0.829353083">
    <testcase classname="GuideMacTests.RecoveryAudioCheckpointWriterTests" name="serializedWriterReportsOverflow()" time="0.002449417" />
    <testcase classname="GuideMacTests.RecoveryAudioCheckpointWriterTests" name="checkpointFailureIsExplicit()" time="0.002310292" />
    <testcase classname="GuideMacTests.RecoveryAudioCheckpointWriterTests" name="interruptedCheckpointIsDiscoverable()" time="0.012622167" />
    <testcase classname="GuideMacTests.RecoveryAudioCheckpointWriterTests" name="serializedWriterDoesNotBlockCaptureCallback()" time="0.002351625" />
    <testcase classname="GuideMacTests.RecoveryAudioCheckpointWriterTests" name="checkpointsEveryBuffer()" time="0.00227275" />
    <testcase classname="GuideMacTests.DurableDictationSessionTests" name="recognitionFailureRejectsPrefix()" time="0.594995959" />
    <testcase classname="GuideMacTests.DurableDictationSessionTests" name="failedRecognitionRecoversCompleteCheckpoint()" time="0.827944208" />
    <testcase classname="GuideMacTests.DurableDictationSessionTests" name="recoveryReadsEveryCheckpoint()" time="0.574174667" />
    <testcase classname="GuideMacTests.DurableDictationSessionTests" name="legacyBoundaryOverlapDoesNotLoseOrDuplicateWords()" time="0.574989708" />
    <testcase classname="GuideMacTests.DurableDictationSessionTests" name="midSplitCleanupFailureIsSurfaced()" time="0.574554167" />
    <testcase classname="GuideMacTests.DurableDictationSessionTests" name="multiMinuteAudioPreservesAllSentinels()" time="0.594913375" />
    <testcase classname="GuideMacTests.DurableDictationSessionTests" name="legacyFallbackUsesSequentialSubMinuteChunks()" time="0.574829208" />
    <testcase classname="GuideMacTests.DurableDictationSessionTests" name="midSplitFailureCleansCreatedChunks()" time="0.575295917" />
    <testcase classname="GuideMacTests.DurableDictationSessionTests" name="deletionFailureIsVisible()" time="0.1180475" />
    <testcase classname="GuideMacTests.DurableDictationSessionTests" name="deviceFailureIsStagedAndNotTruncated()" time="0.592898875" />
    <testcase classname="GuideMacTests.DictationAdapterContractTests" name="cancellationWinsBeforeIrreversiblePasteCommit()" time="0.117668292" />
    <testcase classname="GuideMacTests.DictationAdapterContractTests" name="productionConformancesAreExplicit()" time="0.573795875" />
    <testcase classname="GuideMacTests.TemporaryAudioCleanupTests" name="deletionFailureIsStructured()" time="0.000499125" />
    <testcase classname="GuideMacTests.GlobalShortcutEventAdapterTests" name="convertsKeyboardEvent()" time="0.036012375" />
    <testcase classname="GuideCoreTests.DictationActivationPolicyTests" name="escapeCancelsActiveDictation()" time="0.001588333" />
    <testcase classname="GuideCoreTests.DictationActivationPolicyTests" name="shortcutIgnoresTransitionalPhases()" time="0.002014458" />
    <testcase classname="GuideCoreTests.DictationActivationPolicyTests" name="shortcutTogglesRecording()" time="0.001558791" />
    <testcase classname="GuideCoreTests.TranscriptHistoryStoreTests" name="boundsDefaultRecovery()" time="0.00698725" />
    <testcase classname="GuideCoreTests.TranscriptHistoryStoreTests" name="archivesAndDeletesAudio()" time="0.006575" />
    <testcase classname="GuideCoreTests.TranscriptHistoryStoreTests" name="retainsUnconfirmedRecoveryForOneDay()" time="0.00647275" />
    <testcase classname="GuideCoreTests.TranscriptHistoryStoreTests" name="updatesDelivery()" time="0.0056845" />
    <testcase classname="GuideCoreTests.TranscriptHistoryStoreTests" name="prunesHistory()" time="0.006660541" />
    <testcase classname="GuideCoreTests.TranscriptHistoryStoreTests" name="persistsAcrossInstances()" time="0.005669333" />
    <testcase classname="GuideCoreTests.TranscriptHistoryStoreTests" name="migratesLegacyRecovery()" time="0.0054335" />
    <testcase classname="GuideCoreTests.TranscriptHistoryStoreTests" name="reportsAudioDeletionFailure()" time="0.007811042" />
    <testcase classname="GuideCoreTests.TranscriptHistoryStoreTests" name="clearsEverything()" time="0.005216583" />
    <testcase classname="GuideCoreTests.GlobalHotKeyConfigurationTests" name="overlappingGuideAndDictationAreRejected()" time="0.001613917" />
    <testcase classname="GuideCoreTests.GlobalHotKeyConfigurationTests" name="configurationRoundTripsThroughJSON()" time="0.001921166" />
    <testcase classname="GuideCoreTests.GlobalHotKeyConfigurationTests" name="guideChordRoundTripsThroughJSON()" time="0.00176425" />
    <testcase classname="GuideCoreTests.GlobalHotKeyConfigurationTests" name="defaultMatchesSERPyToggleShortcut()" time="0.001571709" />
    <testcase classname="GuideCoreTests.EphemeralTranscriptRecoveryTests" name="ignoresEmptyResults()" time="0.002045459" />
    <testcase classname="GuideCoreTests.EphemeralTranscriptRecoveryTests" name="preservesUntilCleared()" time="0.002046208" />
    <testcase classname="GuideCoreTests.PermissionCallbackBridgeTests" name="backgroundCallbackResumesSafely()" time="0.1068565" />
    <testcase classname="GuideCoreTests.RecordingCoordinatorTests" name="cancellationSuppressesLateOutput()" time="0.828430417" />
    <testcase classname="GuideCoreTests.RecordingCoordinatorTests" name="checkpointFailureStopsCompletion()" time="0.594618875" />
    <testcase classname="GuideCoreTests.RecordingCoordinatorTests" name="interruptedAudioBecomesRecoveryOnly()" time="0.594408875" />
    <testcase classname="GuideCoreTests.RecordingCoordinatorTests" name="cancellationDuringInsertionPreventsMutation()" time="0.828152459" />
    <testcase classname="GuideCoreTests.RecordingCoordinatorTests" name="unconfirmedDeliveryRemainsRecoverable()" time="0.825790333" />
    <testcase classname="GuideCoreTests.RecordingCoordinatorTests" name="preservesBeforeDelivery()" time="0.827698833" />
    <testcase classname="GuideCoreTests.RecordingCoordinatorTests" name="acknowledgesBeforePotentiallySlowTargetCapture()" time="0.580109667" />
    <testcase classname="GuideCoreTests.RecordingCoordinatorTests" name="committedInsertionFinishesTruthfully()" time="0.826011958" />
    <testcase classname="GuideCoreTests.RecordingCoordinatorTests" name="recoversEveryCheckpointAlongsideExistingHistory()" time="0.592664709" />
    <testcase classname="GuideCoreTests.GuideSurfaceInteractionTests" name="overlaysDoNotBlockTheWorkSurface()" time="0.002013083" />
    <testcase classname="GuideCoreTests.GuideProgressionPolicyTests" name="planContractRejectsIncompleteOutput()" time="0.00238375" />
    <testcase classname="GuideCoreTests.GuideProgressionPolicyTests" name="explicitObservationControlsProgress()" time="0.003354625" />
    <testcase classname="GuideCoreTests.TextValueReplacementTests" name="replacesSelection()" time="0.00156675" />
    <testcase classname="GuideCoreTests.TextValueReplacementTests" name="rejectsInvalidSelection()" time="0.002453667" />
    <testcase classname="GuideCoreTests.TransientCompanionSurfaceVisibilityTests" name="idleBadgeIsRemoved()" time="0.001837583" />
    <testcase classname="GuideCoreTests.GuideAmbientPanelLayoutTests" name="centeredBelowMenuControls()" time="0.002517041" />
    <testcase classname="GuideCoreTests.DictationStopTailTests" name="boundedTailIsCancellable()" time="0.59368625" />
    <testcase classname="GuideCoreTests.GlobalShortcutEventRouterTests" name="heldGuideChordAndDictationCoexist()" time="0.00256225" />
    <testcase classname="GuideCoreTests.GuidanceSpeechQueuePolicyTests" name="orderedSanitizedDeduplication()" time="0.00262975" />
    <testcase classname="GuideCoreTests.GuidanceSpeechQueuePolicyTests" name="cancellationIsTerminal()" time="0.001641292" />
    <testcase classname="GuideCoreTests.ApplicationPresencePolicyTests" name="runningLifetimeIsAlwaysRegular()" time="0.001628333" />
    <testcase classname="GuideCoreTests.PasteboardSnapshotTests" name="deliveryConfirmationIsConservative()" time="0.5751655" />
    <testcase classname="GuideCoreTests.PasteboardSnapshotTests" name="restoresAllRepresentations()" time="0.574936667" />
    <testcase classname="GuideCoreTests.PasteboardSnapshotTests" name="preservesNewerClipboard()" time="0.580338584" />
    <testcase classname="GuideCoreTests.GoldenRuntimeCompositionTests" name="uiRuntimeSelection()" time="0.002751583" />
    <testcase classname="GuideCoreTests.GoldenRuntimeCompositionTests" name="goldenHostRefusesProductionRuntime()" time="0.002320042" />
    <testcase classname="GuideCoreTests.GoldenRuntimeCompositionTests" name="goldenSessionRootRejectsSymlink()" time="0.003105834" />
    <testcase classname="GuideCoreTests.GoldenRuntimeCompositionTests" name="goldenSessionRootValidation()" time="0.003207083" />
    <testcase classname="GuideCoreTests.GoldenRuntimeCompositionTests" name="uiRuntimeRejectsProductionCapabilities()" time="0.002216791" />
    <testcase classname="GuideCoreTests.GoldenUserFlowHarnessTests" name="walkthroughJourney()" time="0.00431925" />
    <testcase classname="GuideCoreTests.GoldenUserFlowHarnessTests" name="dictationJourney()" time="0.825741084" />
    <testcase classname="GuideCoreTests.GoldenUserFlowHarnessTests" name="guideQuestionJourney()" time="0.0025925" />
    <testcase classname="GuideCoreTests.GoldenUserFlowHarnessTests" name="recoveryJourney()" time="0.825711417" />
    <testcase classname="GuideCoreTests.GoldenUserFlowHarnessTests" name="openAITalkJourney()" time="0.002553042" />
    <testcase classname="GuideCoreTests.GoldenUserFlowHarnessTests" name="diagnosticJourney()" time="0.002537084" />
    <testcase classname="GuideCoreTests.GoldenUserFlowHarnessTests" name="recoveryVariants(variant:)" time="0.825979833" />
    <testcase classname="GuideCoreTests.GoldenUserFlowHarnessTests" name="dictationCancellation(phase:)" time="0.002432958" />
    <testcase classname="GuideCoreTests.GoldenUserFlowHarnessTests" name="guideCancellation(phase:)" time="0.002478958" />
    <testcase classname="GuideCoreTests.GoldenUserFlowHarnessTests" name="lifecycleJourney()" time="0.002228625" />
    <testcase classname="GuideCoreTests.GoldenUserFlowHarnessTests" name="permissionJourney()" time="0.002673542" />
    <testcase classname="GuideCoreTests.TranscriptOverlapReconcilerTests" name="removesOnlyTheDuplicatedBoundaryPrefix()" time="0.002107875" />
    <testcase classname="GuideCoreTests.StreamingTranscriptAccumulatorTests" name="multiMinuteSegmentsPreservePrefixAcrossRecognitionBoundary()" time="0.002446334" />
    <testcase classname="GuideCoreTests.StreamingTranscriptAccumulatorTests" name="volatileTextCannotReplaceCommittedText()" time="0.002560083" />
    <testcase classname="GuideCoreTests.MainActorCallbackBridgeTests" name="backgroundDeliveryReachesMainActor()" time="0.557900542" />
    <testcase classname="GuideCoreTests.GuideAppModelDictationTests" name="cleanupFailureRemainsVisible()" time="0.578982875" />
  </testsuite>
</testsuites>
